[debug] [2021-06-26T23:41:44.833Z] ----------------------------------------------------------------------
[debug] [2021-06-26T23:41:44.835Z] Command:       /usr/local/Cellar/node/15.5.0/bin/node /usr/local/bin/firebase emulators:start --only functions
[debug] [2021-06-26T23:41:44.835Z] CLI Version:   9.12.0
[debug] [2021-06-26T23:41:44.835Z] Platform:      darwin
[debug] [2021-06-26T23:41:44.835Z] Node Version:  v15.5.0
[debug] [2021-06-26T23:41:44.837Z] Time:          Sun Jun 27 2021 06:41:44 GMT+0700 (Indochina Time)
[debug] [2021-06-26T23:41:44.837Z] ----------------------------------------------------------------------
[debug] 
[debug] [2021-06-26T23:41:44.839Z] >>> [apiv2][query] GET https://firebase-public.firebaseio.com/cli.json [none]
[debug] [2021-06-26T23:41:44.864Z] > command requires scopes: ["email","openid","https://www.googleapis.com/auth/cloudplatformprojects.readonly","https://www.googleapis.com/auth/firebase","https://www.googleapis.com/auth/cloud-platform"]
[debug] [2021-06-26T23:41:44.865Z] > authorizing via signed-in user (banthanhtrangsaigon@gmail.com)
[info] i  emulators: Starting emulators: functions {"metadata":{"emulator":{"name":"hub"},"message":"Starting emulators: functions"}}
[debug] [2021-06-26T23:41:44.884Z] [hub] writing locator at /var/folders/xd/976_dwy51tn901jq0xd7mq5h0000gn/T/hub-clone-7dbdc.json
[warn] ⚠  functions: The following emulators are not running, calls to these services from the Functions emulator will affect production: auth, firestore, database, hosting, pubsub, storage {"metadata":{"emulator":{"name":"functions"},"message":"The following emulators are not running, calls to these services from the Functions emulator will affect production: \u001b[1mauth, firestore, database, hosting, pubsub, storage\u001b[22m"}}
[warn] ⚠  Your requested "node" version "14" doesn't match your global version "15" {"metadata":{"emulator":{"name":"functions"},"message":"Your requested \"node\" version \"14\" doesn't match your global version \"15\""}}
[debug] [2021-06-26T23:41:44.946Z] defaultcredentials: writing to file /Users/kynguyen/.config/firebase/banthanhtrangsaigon_gmail_com_application_default_credentials.json
[debug] [2021-06-26T23:41:44.951Z] Setting GAC to /Users/kynguyen/.config/firebase/banthanhtrangsaigon_gmail_com_application_default_credentials.json {"metadata":{"emulator":{"name":"functions"},"message":"Setting GAC to /Users/kynguyen/.config/firebase/banthanhtrangsaigon_gmail_com_application_default_credentials.json"}}
[debug] [2021-06-26T23:41:44.952Z] > refreshing access token with scopes: []
[debug] [2021-06-26T23:41:44.953Z] >>> HTTP REQUEST POST https://www.googleapis.com/oauth2/v3/token  
 <request body omitted>
[debug] [2021-06-26T23:41:45.103Z] <<< HTTP RESPONSE 200 {"date":"Sat, 26 Jun 2021 23:41:45 GMT","pragma":"no-cache","expires":"Mon, 01 Jan 1990 00:00:00 GMT","cache-control":"no-cache, no-store, max-age=0, must-revalidate","content-type":"application/json; charset=utf-8","vary":"X-Origin, Referer, Origin,Accept-Encoding","server":"scaffolding on HTTPServer2","x-xss-protection":"0","x-frame-options":"SAMEORIGIN","x-content-type-options":"nosniff","alt-svc":"h3=\":443\"; ma=2592000,h3-29=\":443\"; ma=2592000,h3-T051=\":443\"; ma=2592000,h3-Q050=\":443\"; ma=2592000,h3-Q046=\":443\"; ma=2592000,h3-Q043=\":443\"; ma=2592000,quic=\":443\"; ma=2592000; v=\"46,43\"","accept-ranges":"none","transfer-encoding":"chunked"}
[debug] [2021-06-26T23:41:45.126Z] >>> [apiv2][query] GET https://firebase.googleapis.com/v1beta1/projects/clone-7dbdc/adminSdkConfig [none]
[debug] [2021-06-26T23:41:45.562Z] <<< [apiv2][status] GET https://firebase.googleapis.com/v1beta1/projects/clone-7dbdc/adminSdkConfig 403
[debug] [2021-06-26T23:41:45.562Z] <<< [apiv2][body] GET https://firebase.googleapis.com/v1beta1/projects/clone-7dbdc/adminSdkConfig {"error":{"code":403,"message":"The caller does not have permission","status":"PERMISSION_DENIED"}}
[debug] [2021-06-26T23:41:45.563Z] Failed to get Admin SDK config for clone-7dbdc, falling back to cache Failed to get Admin SDK for Firebase project clone-7dbdc. Please make sure the project exists and your account has permission to access it. {"name":"FirebaseError","children":[],"exit":2,"message":"Failed to get Admin SDK for Firebase project clone-7dbdc. Please make sure the project exists and your account has permission to access it.","original":{"name":"FirebaseError","children":[],"context":{"body":{"error":{"code":403,"message":"The caller does not have permission","status":"PERMISSION_DENIED"}},"response":{"statusCode":403}},"exit":1,"message":"HTTP Error: 403, The caller does not have permission","status":403},"status":500}
[debug] [2021-06-26T23:41:45.580Z] <<< [apiv2][status] GET https://firebase-public.firebaseio.com/cli.json 200
[debug] [2021-06-26T23:41:45.581Z] <<< [apiv2][body] GET https://firebase-public.firebaseio.com/cli.json {"cloudBuildErrorAfter":1594252800000,"cloudBuildWarnAfter":1590019200000,"defaultNode10After":1594252800000,"minVersion":"3.0.5","node8DeploysDisabledAfter":1613390400000,"node8RuntimeDisabledAfter":1615809600000,"node8WarnAfter":1600128000000}
[debug] [2021-06-26T23:41:46.092Z] Ignoring unsupported arg: auto_download {"metadata":{"emulator":{"name":"ui"},"message":"Ignoring unsupported arg: auto_download"}}
[debug] [2021-06-26T23:41:46.093Z] Ignoring unsupported arg: port {"metadata":{"emulator":{"name":"ui"},"message":"Ignoring unsupported arg: port"}}
[debug] [2021-06-26T23:41:46.093Z] Starting Emulator UI with command {"binary":"node","args":["/Users/kynguyen/.cache/firebase/emulators/ui-v1.5.0/server.bundle.js"],"optionalArgs":[],"joinArgs":false} {"metadata":{"emulator":{"name":"ui"},"message":"Starting Emulator UI with command {\"binary\":\"node\",\"args\":[\"/Users/kynguyen/.cache/firebase/emulators/ui-v1.5.0/server.bundle.js\"],\"optionalArgs\":[],\"joinArgs\":false}"}}
[info] i  ui: Emulator UI logging to ui-debug.log {"metadata":{"emulator":{"name":"ui"},"message":"Emulator UI logging to \u001b[1mui-debug.log\u001b[22m"}}
[debug] [2021-06-26T23:41:46.228Z] Web / API server started at http://localhost:4000
 {"metadata":{"emulator":{"name":"ui"},"message":"Web / API server started at http://localhost:4000\n"}}
[info] i  functions: Watching "/Users/kynguyen/DevCenter/web/amazon-clone/functions" for Cloud Functions... {"metadata":{"emulator":{"name":"functions"},"message":"Watching \"/Users/kynguyen/DevCenter/web/amazon-clone/functions\" for Cloud Functions..."}}
[debug] [2021-06-26T23:41:46.379Z] [worker-pool] addWorker(~diagnostic~) {"metadata":{"emulator":{"name":"functions"},"message":"[worker-pool] addWorker(~diagnostic~)"}}
[debug] [2021-06-26T23:41:46.380Z] [worker-pool] Adding worker with key ~diagnostic~, total=1 {"metadata":{"emulator":{"name":"functions"},"message":"[worker-pool] Adding worker with key ~diagnostic~, total=1"}}
[debug] [2021-06-26T23:41:46.380Z] [worker-pool] submitWork(triggerId=) {"metadata":{"emulator":{"name":"functions"},"message":"[worker-pool] submitWork(triggerId=)"}}
[debug] [2021-06-26T23:41:46.381Z] [worker-~diagnostic~-def886a1-ee46-4492-8414-435dfe0b6fbf]: Assigning socketPath: /var/folders/xd/976_dwy51tn901jq0xd7mq5h0000gn/T/fire_emu_65635.sock {"metadata":{"emulator":{"name":"functions"},"message":"[worker-~diagnostic~-def886a1-ee46-4492-8414-435dfe0b6fbf]: Assigning socketPath: /var/folders/xd/976_dwy51tn901jq0xd7mq5h0000gn/T/fire_emu_65635.sock"}}
[debug] [2021-06-26T23:41:46.381Z] [worker-~diagnostic~-def886a1-ee46-4492-8414-435dfe0b6fbf]: BUSY {"metadata":{"emulator":{"name":"functions"},"message":"[worker-~diagnostic~-def886a1-ee46-4492-8414-435dfe0b6fbf]: BUSY"}}
[debug] [2021-06-26T23:41:46.515Z] [runtime-status] [65635] Functions runtime initialized. {"cwd":"/Users/kynguyen/DevCenter/web/amazon-clone/functions","node_version":"15.5.0"} {"metadata":{"emulator":{"name":"functions"},"message":"[runtime-status] [65635] Functions runtime initialized. {\"cwd\":\"/Users/kynguyen/DevCenter/web/amazon-clone/functions\",\"node_version\":\"15.5.0\"}"}}
[debug] [2021-06-26T23:41:46.515Z] [runtime-status] [65635] Disabled runtime features: undefined {"metadata":{"emulator":{"name":"functions"},"message":"[runtime-status] [65635] Disabled runtime features: undefined"}}
[debug] [2021-06-26T23:41:46.524Z] [runtime-status] [65635] Resolved module firebase-admin {"declared":true,"installed":true,"version":"9.9.0","resolution":"/Users/kynguyen/DevCenter/web/amazon-clone/functions/node_modules/firebase-admin/lib/index.js"} {"metadata":{"emulator":{"name":"functions"},"message":"[runtime-status] [65635] Resolved module firebase-admin {\"declared\":true,\"installed\":true,\"version\":\"9.9.0\",\"resolution\":\"/Users/kynguyen/DevCenter/web/amazon-clone/functions/node_modules/firebase-admin/lib/index.js\"}"}}
[debug] [2021-06-26T23:41:46.526Z] [runtime-status] [65635] Resolved module firebase-functions {"declared":true,"installed":true,"version":"3.14.1","resolution":"/Users/kynguyen/DevCenter/web/amazon-clone/functions/node_modules/firebase-functions/lib/index.js"} {"metadata":{"emulator":{"name":"functions"},"message":"[runtime-status] [65635] Resolved module firebase-functions {\"declared\":true,\"installed\":true,\"version\":\"3.14.1\",\"resolution\":\"/Users/kynguyen/DevCenter/web/amazon-clone/functions/node_modules/firebase-functions/lib/index.js\"}"}}
[debug] [2021-06-26T23:41:46.528Z] [runtime-status] [65635] Resolved module firebase-functions {"declared":true,"installed":true,"version":"3.14.1","resolution":"/Users/kynguyen/DevCenter/web/amazon-clone/functions/node_modules/firebase-functions/lib/index.js"} {"metadata":{"emulator":{"name":"functions"},"message":"[runtime-status] [65635] Resolved module firebase-functions {\"declared\":true,\"installed\":true,\"version\":\"3.14.1\",\"resolution\":\"/Users/kynguyen/DevCenter/web/amazon-clone/functions/node_modules/firebase-functions/lib/index.js\"}"}}
[debug] [2021-06-26T23:41:46.529Z] [runtime-status] [65635] Outgoing network have been stubbed. [{"name":"http","status":"mocked"},{"name":"http","status":"mocked"},{"name":"https","status":"mocked"},{"name":"https","status":"mocked"},{"name":"net","status":"mocked"}] {"metadata":{"emulator":{"name":"functions"},"message":"[runtime-status] [65635] Outgoing network have been stubbed. [{\"name\":\"http\",\"status\":\"mocked\"},{\"name\":\"http\",\"status\":\"mocked\"},{\"name\":\"https\",\"status\":\"mocked\"},{\"name\":\"https\",\"status\":\"mocked\"},{\"name\":\"net\",\"status\":\"mocked\"}]"}}
[debug] [2021-06-26T23:41:46.530Z] [runtime-status] [65635] Resolved module firebase-functions {"declared":true,"installed":true,"version":"3.14.1","resolution":"/Users/kynguyen/DevCenter/web/amazon-clone/functions/node_modules/firebase-functions/lib/index.js"} {"metadata":{"emulator":{"name":"functions"},"message":"[runtime-status] [65635] Resolved module firebase-functions {\"declared\":true,\"installed\":true,\"version\":\"3.14.1\",\"resolution\":\"/Users/kynguyen/DevCenter/web/amazon-clone/functions/node_modules/firebase-functions/lib/index.js\"}"}}
[debug] [2021-06-26T23:41:46.601Z] [runtime-status] [65635] Checked functions.config() {"config":{}} {"metadata":{"emulator":{"name":"functions"},"message":"[runtime-status] [65635] Checked functions.config() {\"config\":{}}"}}
[debug] [2021-06-26T23:41:46.602Z] [runtime-status] [65635] firebase-functions has been stubbed. {"functionsResolution":{"declared":true,"installed":true,"version":"3.14.1","resolution":"/Users/kynguyen/DevCenter/web/amazon-clone/functions/node_modules/firebase-functions/lib/index.js"}} {"metadata":{"emulator":{"name":"functions"},"message":"[runtime-status] [65635] firebase-functions has been stubbed. {\"functionsResolution\":{\"declared\":true,\"installed\":true,\"version\":\"3.14.1\",\"resolution\":\"/Users/kynguyen/DevCenter/web/amazon-clone/functions/node_modules/firebase-functions/lib/index.js\"}}"}}
[debug] [2021-06-26T23:41:46.602Z] [runtime-status] [65635] Resolved module firebase-functions {"declared":true,"installed":true,"version":"3.14.1","resolution":"/Users/kynguyen/DevCenter/web/amazon-clone/functions/node_modules/firebase-functions/lib/index.js"} {"metadata":{"emulator":{"name":"functions"},"message":"[runtime-status] [65635] Resolved module firebase-functions {\"declared\":true,\"installed\":true,\"version\":\"3.14.1\",\"resolution\":\"/Users/kynguyen/DevCenter/web/amazon-clone/functions/node_modules/firebase-functions/lib/index.js\"}"}}
[debug] [2021-06-26T23:41:46.604Z] [runtime-status] [65635] Resolved module firebase-admin {"declared":true,"installed":true,"version":"9.9.0","resolution":"/Users/kynguyen/DevCenter/web/amazon-clone/functions/node_modules/firebase-admin/lib/index.js"} {"metadata":{"emulator":{"name":"functions"},"message":"[runtime-status] [65635] Resolved module firebase-admin {\"declared\":true,\"installed\":true,\"version\":\"9.9.0\",\"resolution\":\"/Users/kynguyen/DevCenter/web/amazon-clone/functions/node_modules/firebase-admin/lib/index.js\"}"}}
[debug] [2021-06-26T23:41:46.604Z] [runtime-status] [65635] Resolved module firebase-functions {"declared":true,"installed":true,"version":"3.14.1","resolution":"/Users/kynguyen/DevCenter/web/amazon-clone/functions/node_modules/firebase-functions/lib/index.js"} {"metadata":{"emulator":{"name":"functions"},"message":"[runtime-status] [65635] Resolved module firebase-functions {\"declared\":true,\"installed\":true,\"version\":\"3.14.1\",\"resolution\":\"/Users/kynguyen/DevCenter/web/amazon-clone/functions/node_modules/firebase-functions/lib/index.js\"}"}}
[debug] [2021-06-26T23:41:46.604Z] [runtime-status] [65635] firebase-admin has been stubbed. {"adminResolution":{"declared":true,"installed":true,"version":"9.9.0","resolution":"/Users/kynguyen/DevCenter/web/amazon-clone/functions/node_modules/firebase-admin/lib/index.js"}} {"metadata":{"emulator":{"name":"functions"},"message":"[runtime-status] [65635] firebase-admin has been stubbed. {\"adminResolution\":{\"declared\":true,\"installed\":true,\"version\":\"9.9.0\",\"resolution\":\"/Users/kynguyen/DevCenter/web/amazon-clone/functions/node_modules/firebase-admin/lib/index.js\"}}"}}
[info] ✔  functions[us-central1-api]: http function initialized (http://localhost:5001/clone-7dbdc/us-central1/api). {"metadata":{"emulator":{"name":"functions"},"message":"\u001b[1mhttp\u001b[22m function initialized (http://localhost:5001/clone-7dbdc/us-central1/api)."}}
[info] 
┌─────────────────────────────────────────────────────────────┐
│ ✔  All emulators ready! It is now safe to connect your app. │
│ i  View Emulator UI at http://localhost:4000                │
└─────────────────────────────────────────────────────────────┘

┌───────────┬────────────────┬─────────────────────────────────┐
│ Emulator  │ Host:Port      │ View in Emulator UI             │
├───────────┼────────────────┼─────────────────────────────────┤
│ Functions │ localhost:5001 │ http://localhost:4000/functions │
└───────────┴────────────────┴─────────────────────────────────┘
  Emulator Hub running at localhost:4400
  Other reserved ports: 4500

Issues? Report them at https://github.com/firebase/firebase-tools/issues and attach the *-debug.log files.
 
[debug] [2021-06-26T23:41:46.872Z] [worker-~diagnostic~-def886a1-ee46-4492-8414-435dfe0b6fbf]: IDLE {"metadata":{"emulator":{"name":"functions"},"message":"[worker-~diagnostic~-def886a1-ee46-4492-8414-435dfe0b6fbf]: IDLE"}}
[debug] [2021-06-26T23:43:46.747Z] [work-queue] {"queueLength":1,"workRunningCount":0}
[debug] [2021-06-26T23:43:46.749Z] [work-queue] {"queueLength":0,"workRunningCount":1}
[debug] [2021-06-26T23:43:46.750Z] Accepted request POST /clone-7dbdc/us-central1/api/payments/create?total=241798 --> us-central1-api
[debug] [2021-06-26T23:43:46.786Z] [worker-pool] addWorker(us-central1-api) {"metadata":{"emulator":{"name":"functions"},"message":"[worker-pool] addWorker(us-central1-api)"}}
[debug] [2021-06-26T23:43:46.787Z] [worker-pool] Adding worker with key us-central1-api, total=1 {"metadata":{"emulator":{"name":"functions"},"message":"[worker-pool] Adding worker with key us-central1-api, total=1"}}
[debug] [2021-06-26T23:43:46.788Z] [worker-pool] submitWork(triggerId=us-central1-api) {"metadata":{"emulator":{"name":"functions"},"message":"[worker-pool] submitWork(triggerId=us-central1-api)"}}
[debug] [2021-06-26T23:43:46.789Z] [worker-us-central1-api-e13770f9-5197-429e-b5fd-0721a9e1bb4a]: Assigning socketPath: /var/folders/xd/976_dwy51tn901jq0xd7mq5h0000gn/T/fire_emu_65688.sock {"metadata":{"emulator":{"name":"functions"},"message":"[worker-us-central1-api-e13770f9-5197-429e-b5fd-0721a9e1bb4a]: Assigning socketPath: /var/folders/xd/976_dwy51tn901jq0xd7mq5h0000gn/T/fire_emu_65688.sock"}}
[debug] [2021-06-26T23:43:46.790Z] [worker-us-central1-api-e13770f9-5197-429e-b5fd-0721a9e1bb4a]: BUSY {"metadata":{"emulator":{"name":"functions"},"message":"[worker-us-central1-api-e13770f9-5197-429e-b5fd-0721a9e1bb4a]: BUSY"}}
[debug] [2021-06-26T23:43:47.346Z] [runtime-status] [65688] Functions runtime initialized. {"cwd":"/Users/kynguyen/DevCenter/web/amazon-clone/functions","node_version":"15.5.0"} {"metadata":{"emulator":{"name":"functions"},"function":{"name":"us-central1-api"},"message":"[runtime-status] [65688] Functions runtime initialized. {\"cwd\":\"/Users/kynguyen/DevCenter/web/amazon-clone/functions\",\"node_version\":\"15.5.0\"}"}}
[debug] [2021-06-26T23:43:47.349Z] [runtime-status] [65688] Disabled runtime features: undefined {"metadata":{"emulator":{"name":"functions"},"function":{"name":"us-central1-api"},"message":"[runtime-status] [65688] Disabled runtime features: undefined"}}
[debug] [2021-06-26T23:43:47.357Z] [runtime-status] [65688] Resolved module firebase-admin {"declared":true,"installed":true,"version":"9.9.0","resolution":"/Users/kynguyen/DevCenter/web/amazon-clone/functions/node_modules/firebase-admin/lib/index.js"} {"metadata":{"emulator":{"name":"functions"},"function":{"name":"us-central1-api"},"message":"[runtime-status] [65688] Resolved module firebase-admin {\"declared\":true,\"installed\":true,\"version\":\"9.9.0\",\"resolution\":\"/Users/kynguyen/DevCenter/web/amazon-clone/functions/node_modules/firebase-admin/lib/index.js\"}"}}
[debug] [2021-06-26T23:43:47.361Z] [runtime-status] [65688] Resolved module firebase-functions {"declared":true,"installed":true,"version":"3.14.1","resolution":"/Users/kynguyen/DevCenter/web/amazon-clone/functions/node_modules/firebase-functions/lib/index.js"} {"metadata":{"emulator":{"name":"functions"},"function":{"name":"us-central1-api"},"message":"[runtime-status] [65688] Resolved module firebase-functions {\"declared\":true,\"installed\":true,\"version\":\"3.14.1\",\"resolution\":\"/Users/kynguyen/DevCenter/web/amazon-clone/functions/node_modules/firebase-functions/lib/index.js\"}"}}
[debug] [2021-06-26T23:43:47.366Z] [runtime-status] [65688] Resolved module firebase-functions {"declared":true,"installed":true,"version":"3.14.1","resolution":"/Users/kynguyen/DevCenter/web/amazon-clone/functions/node_modules/firebase-functions/lib/index.js"} {"metadata":{"emulator":{"name":"functions"},"function":{"name":"us-central1-api"},"message":"[runtime-status] [65688] Resolved module firebase-functions {\"declared\":true,\"installed\":true,\"version\":\"3.14.1\",\"resolution\":\"/Users/kynguyen/DevCenter/web/amazon-clone/functions/node_modules/firebase-functions/lib/index.js\"}"}}
[debug] [2021-06-26T23:43:47.370Z] [runtime-status] [65688] Outgoing network have been stubbed. [{"name":"http","status":"mocked"},{"name":"http","status":"mocked"},{"name":"https","status":"mocked"},{"name":"https","status":"mocked"},{"name":"net","status":"mocked"}] {"metadata":{"emulator":{"name":"functions"},"function":{"name":"us-central1-api"},"message":"[runtime-status] [65688] Outgoing network have been stubbed. [{\"name\":\"http\",\"status\":\"mocked\"},{\"name\":\"http\",\"status\":\"mocked\"},{\"name\":\"https\",\"status\":\"mocked\"},{\"name\":\"https\",\"status\":\"mocked\"},{\"name\":\"net\",\"status\":\"mocked\"}]"}}
[debug] [2021-06-26T23:43:47.372Z] [runtime-status] [65688] Resolved module firebase-functions {"declared":true,"installed":true,"version":"3.14.1","resolution":"/Users/kynguyen/DevCenter/web/amazon-clone/functions/node_modules/firebase-functions/lib/index.js"} {"metadata":{"emulator":{"name":"functions"},"function":{"name":"us-central1-api"},"message":"[runtime-status] [65688] Resolved module firebase-functions {\"declared\":true,\"installed\":true,\"version\":\"3.14.1\",\"resolution\":\"/Users/kynguyen/DevCenter/web/amazon-clone/functions/node_modules/firebase-functions/lib/index.js\"}"}}
[debug] [2021-06-26T23:43:47.451Z] [runtime-status] [65688] Checked functions.config() {"config":{}} {"metadata":{"emulator":{"name":"functions"},"function":{"name":"us-central1-api"},"message":"[runtime-status] [65688] Checked functions.config() {\"config\":{}}"}}
[debug] [2021-06-26T23:43:47.452Z] [runtime-status] [65688] firebase-functions has been stubbed. {"functionsResolution":{"declared":true,"installed":true,"version":"3.14.1","resolution":"/Users/kynguyen/DevCenter/web/amazon-clone/functions/node_modules/firebase-functions/lib/index.js"}} {"metadata":{"emulator":{"name":"functions"},"function":{"name":"us-central1-api"},"message":"[runtime-status] [65688] firebase-functions has been stubbed. {\"functionsResolution\":{\"declared\":true,\"installed\":true,\"version\":\"3.14.1\",\"resolution\":\"/Users/kynguyen/DevCenter/web/amazon-clone/functions/node_modules/firebase-functions/lib/index.js\"}}"}}
[debug] [2021-06-26T23:43:47.452Z] [runtime-status] [65688] Resolved module firebase-functions {"declared":true,"installed":true,"version":"3.14.1","resolution":"/Users/kynguyen/DevCenter/web/amazon-clone/functions/node_modules/firebase-functions/lib/index.js"} {"metadata":{"emulator":{"name":"functions"},"function":{"name":"us-central1-api"},"message":"[runtime-status] [65688] Resolved module firebase-functions {\"declared\":true,\"installed\":true,\"version\":\"3.14.1\",\"resolution\":\"/Users/kynguyen/DevCenter/web/amazon-clone/functions/node_modules/firebase-functions/lib/index.js\"}"}}
[debug] [2021-06-26T23:43:47.454Z] [runtime-status] [65688] Resolved module firebase-admin {"declared":true,"installed":true,"version":"9.9.0","resolution":"/Users/kynguyen/DevCenter/web/amazon-clone/functions/node_modules/firebase-admin/lib/index.js"} {"metadata":{"emulator":{"name":"functions"},"function":{"name":"us-central1-api"},"message":"[runtime-status] [65688] Resolved module firebase-admin {\"declared\":true,\"installed\":true,\"version\":\"9.9.0\",\"resolution\":\"/Users/kynguyen/DevCenter/web/amazon-clone/functions/node_modules/firebase-admin/lib/index.js\"}"}}
[debug] [2021-06-26T23:43:47.456Z] [runtime-status] [65688] Resolved module firebase-functions {"declared":true,"installed":true,"version":"3.14.1","resolution":"/Users/kynguyen/DevCenter/web/amazon-clone/functions/node_modules/firebase-functions/lib/index.js"} {"metadata":{"emulator":{"name":"functions"},"function":{"name":"us-central1-api"},"message":"[runtime-status] [65688] Resolved module firebase-functions {\"declared\":true,\"installed\":true,\"version\":\"3.14.1\",\"resolution\":\"/Users/kynguyen/DevCenter/web/amazon-clone/functions/node_modules/firebase-functions/lib/index.js\"}"}}
[debug] [2021-06-26T23:43:47.458Z] [runtime-status] [65688] firebase-admin has been stubbed. {"adminResolution":{"declared":true,"installed":true,"version":"9.9.0","resolution":"/Users/kynguyen/DevCenter/web/amazon-clone/functions/node_modules/firebase-admin/lib/index.js"}} {"metadata":{"emulator":{"name":"functions"},"function":{"name":"us-central1-api"},"message":"[runtime-status] [65688] firebase-admin has been stubbed. {\"adminResolution\":{\"declared\":true,\"installed\":true,\"version\":\"9.9.0\",\"resolution\":\"/Users/kynguyen/DevCenter/web/amazon-clone/functions/node_modules/firebase-admin/lib/index.js\"}}"}}
[debug] [2021-06-26T23:43:48.056Z] [runtime-status] [65688] Trigger "us-central1-api" has been found, beginning invocation! {"metadata":{"emulator":{"name":"functions"},"function":{"name":"us-central1-api"},"message":"[runtime-status] [65688] Trigger \"us-central1-api\" has been found, beginning invocation!"}}
[info] i  functions: Beginning execution of "us-central1-api" {"metadata":{"emulator":{"name":"functions"},"function":{"name":"us-central1-api"},"message":"Beginning execution of \"us-central1-api\""}}
[debug] [2021-06-26T23:43:48.068Z] [runtime-status] [65688] triggerDefinition {"httpsTrigger":{},"name":"api","entryPoint":"api","regions":["us-central1"],"region":"us-central1","id":"us-central1-api"} {"metadata":{"emulator":{"name":"functions"},"function":{"name":"us-central1-api"},"message":"[runtime-status] [65688] triggerDefinition {\"httpsTrigger\":{},\"name\":\"api\",\"entryPoint\":\"api\",\"regions\":[\"us-central1\"],\"region\":\"us-central1\",\"id\":\"us-central1-api\"}"}}
[debug] [2021-06-26T23:43:48.069Z] [runtime-status] [65688] Running us-central1-api in mode HTTPS {"metadata":{"emulator":{"name":"functions"},"function":{"name":"us-central1-api"},"message":"[runtime-status] [65688] Running us-central1-api in mode HTTPS"}}
[debug] [2021-06-26T23:43:48.123Z] [runtime-status] [65688] Attempting to listen to socketPath: /var/folders/xd/976_dwy51tn901jq0xd7mq5h0000gn/T/fire_emu_65688.sock {"metadata":{"emulator":{"name":"functions"},"function":{"name":"us-central1-api"},"message":"[runtime-status] [65688] Attempting to listen to socketPath: /var/folders/xd/976_dwy51tn901jq0xd7mq5h0000gn/T/fire_emu_65688.sock"}}
[debug] [2021-06-26T23:43:48.136Z] [functions] Runtime ready! Sending request! {"metadata":{"emulator":{"name":"functions"},"message":"[functions] Runtime ready! Sending request!"}}
[debug] [2021-06-26T23:43:48.141Z] [functions] Got req.url=/clone-7dbdc/us-central1/api/payments/create?total=241798, mapping to path=/payments/create?total=241798 {"metadata":{"emulator":{"name":"functions"},"message":"[functions] Got req.url=/clone-7dbdc/us-central1/api/payments/create?total=241798, mapping to path=/payments/create?total=241798"}}
[debug] [2021-06-26T23:43:48.159Z] [runtime-status] [65688] Ephemeral server handling POST request {"metadata":{"emulator":{"name":"functions"},"function":{"name":"us-central1-api"},"message":"[runtime-status] [65688] Ephemeral server handling POST request"}}
[debug] [2021-06-26T23:43:48.207Z] [runtime-status] [65688] Ephemeral server survived. {"metadata":{"emulator":{"name":"functions"},"function":{"name":"us-central1-api"},"message":"[runtime-status] [65688] Ephemeral server survived."}}
[info] i  functions: Finished "us-central1-api" in ~1s {"metadata":{"emulator":{"name":"functions"},"function":{"name":"us-central1-api"},"message":"Finished \"us-central1-api\" in ~1s"}}
[debug] [2021-06-26T23:43:49.028Z] [worker-us-central1-api-e13770f9-5197-429e-b5fd-0721a9e1bb4a]: IDLE {"metadata":{"emulator":{"name":"functions"},"message":"[worker-us-central1-api-e13770f9-5197-429e-b5fd-0721a9e1bb4a]: IDLE"}}
[debug] [2021-06-26T23:43:49.029Z] [work-queue] {"queueLength":0,"workRunningCount":0}
[debug] [2021-06-26T23:44:12.474Z] [work-queue] {"queueLength":1,"workRunningCount":0}
[debug] [2021-06-26T23:44:12.475Z] [work-queue] {"queueLength":0,"workRunningCount":1}
[debug] [2021-06-26T23:44:12.475Z] Accepted request POST /clone-7dbdc/us-central1/api/payments/create?total=0 --> us-central1-api
[debug] [2021-06-26T23:44:12.475Z] [worker-pool] submitWork(triggerId=us-central1-api) {"metadata":{"emulator":{"name":"functions"},"message":"[worker-pool] submitWork(triggerId=us-central1-api)"}}
[debug] [2021-06-26T23:44:12.476Z] [worker-us-central1-api-e13770f9-5197-429e-b5fd-0721a9e1bb4a]: Assigning socketPath: /var/folders/xd/976_dwy51tn901jq0xd7mq5h0000gn/T/fire_emu_65688.sock {"metadata":{"emulator":{"name":"functions"},"message":"[worker-us-central1-api-e13770f9-5197-429e-b5fd-0721a9e1bb4a]: Assigning socketPath: /var/folders/xd/976_dwy51tn901jq0xd7mq5h0000gn/T/fire_emu_65688.sock"}}
[debug] [2021-06-26T23:44:12.476Z] [worker-us-central1-api-e13770f9-5197-429e-b5fd-0721a9e1bb4a]: BUSY {"metadata":{"emulator":{"name":"functions"},"message":"[worker-us-central1-api-e13770f9-5197-429e-b5fd-0721a9e1bb4a]: BUSY"}}
[debug] [2021-06-26T23:44:12.477Z] [runtime-status] [65688] Trigger "us-central1-api" has been found, beginning invocation! {"metadata":{"emulator":{"name":"functions"},"function":{"name":"us-central1-api"},"message":"[runtime-status] [65688] Trigger \"us-central1-api\" has been found, beginning invocation!"}}
[info] i  functions: Beginning execution of "us-central1-api" {"metadata":{"emulator":{"name":"functions"},"function":{"name":"us-central1-api"},"message":"Beginning execution of \"us-central1-api\""}}
[debug] [2021-06-26T23:44:12.479Z] [runtime-status] [65688] triggerDefinition {"httpsTrigger":{},"name":"api","entryPoint":"api","regions":["us-central1"],"region":"us-central1","id":"us-central1-api"} {"metadata":{"emulator":{"name":"functions"},"function":{"name":"us-central1-api"},"message":"[runtime-status] [65688] triggerDefinition {\"httpsTrigger\":{},\"name\":\"api\",\"entryPoint\":\"api\",\"regions\":[\"us-central1\"],\"region\":\"us-central1\",\"id\":\"us-central1-api\"}"}}
[debug] [2021-06-26T23:44:12.480Z] [runtime-status] [65688] Running us-central1-api in mode HTTPS {"metadata":{"emulator":{"name":"functions"},"function":{"name":"us-central1-api"},"message":"[runtime-status] [65688] Running us-central1-api in mode HTTPS"}}
[debug] [2021-06-26T23:44:12.482Z] [runtime-status] [65688] Attempting to listen to socketPath: /var/folders/xd/976_dwy51tn901jq0xd7mq5h0000gn/T/fire_emu_65688.sock {"metadata":{"emulator":{"name":"functions"},"function":{"name":"us-central1-api"},"message":"[runtime-status] [65688] Attempting to listen to socketPath: /var/folders/xd/976_dwy51tn901jq0xd7mq5h0000gn/T/fire_emu_65688.sock"}}
[debug] [2021-06-26T23:44:12.484Z] [functions] Runtime ready! Sending request! {"metadata":{"emulator":{"name":"functions"},"message":"[functions] Runtime ready! Sending request!"}}
[debug] [2021-06-26T23:44:12.485Z] [functions] Got req.url=/clone-7dbdc/us-central1/api/payments/create?total=0, mapping to path=/payments/create?total=0 {"metadata":{"emulator":{"name":"functions"},"message":"[functions] Got req.url=/clone-7dbdc/us-central1/api/payments/create?total=0, mapping to path=/payments/create?total=0"}}
[debug] [2021-06-26T23:44:12.490Z] [runtime-status] [65688] Ephemeral server handling POST request {"metadata":{"emulator":{"name":"functions"},"function":{"name":"us-central1-api"},"message":"[runtime-status] [65688] Ephemeral server handling POST request"}}
[debug] [2021-06-26T23:44:12.492Z] [runtime-status] [65688] Ephemeral server survived. {"metadata":{"emulator":{"name":"functions"},"function":{"name":"us-central1-api"},"message":"[runtime-status] [65688] Ephemeral server survived."}}
[info] >  /Users/kynguyen/DevCenter/web/amazon-clone/functions/node_modules/stripe/lib/Error.js:40 {"user":"/Users/kynguyen/DevCenter/web/amazon-clone/functions/node_modules/stripe/lib/Error.js:40","metadata":{"emulator":{"name":"functions"},"function":{"name":"us-central1-api"},"message":"\u001b[90m> \u001b[39m /Users/kynguyen/DevCenter/web/amazon-clone/functions/node_modules/stripe/lib/Error.js:40"}}
[info] >          return new StripeInvalidRequestError(rawStripeError); {"user":"        return new StripeInvalidRequestError(rawStripeError);","metadata":{"emulator":{"name":"functions"},"function":{"name":"us-central1-api"},"message":"\u001b[90m> \u001b[39m         return new StripeInvalidRequestError(rawStripeError);"}}
[info] >                 ^ {"user":"               ^","metadata":{"emulator":{"name":"functions"},"function":{"name":"us-central1-api"},"message":"\u001b[90m> \u001b[39m                ^"}}
[info] >   {"user":"","metadata":{"emulator":{"name":"functions"},"function":{"name":"us-central1-api"},"message":"\u001b[90m> \u001b[39m "}}
[info] >  StripeInvalidRequestError: This value must be greater than or equal to 1. {"user":"StripeInvalidRequestError: This value must be greater than or equal to 1.","metadata":{"emulator":{"name":"functions"},"function":{"name":"us-central1-api"},"message":"\u001b[90m> \u001b[39m StripeInvalidRequestError: This value must be greater than or equal to 1."}}
[info] >      at Function.generate (/Users/kynguyen/DevCenter/web/amazon-clone/functions/node_modules/stripe/lib/Error.js:40:16) {"user":"    at Function.generate (/Users/kynguyen/DevCenter/web/amazon-clone/functions/node_modules/stripe/lib/Error.js:40:16)","metadata":{"emulator":{"name":"functions"},"function":{"name":"us-central1-api"},"message":"\u001b[90m> \u001b[39m     at Function.generate (/Users/kynguyen/DevCenter/web/amazon-clone/functions/node_modules/stripe/lib/Error.js:40:16)"}}
[info] >      at IncomingMessage.<anonymous> (/Users/kynguyen/DevCenter/web/amazon-clone/functions/node_modules/stripe/lib/StripeResource.js:180:33) {"user":"    at IncomingMessage.<anonymous> (/Users/kynguyen/DevCenter/web/amazon-clone/functions/node_modules/stripe/lib/StripeResource.js:180:33)","metadata":{"emulator":{"name":"functions"},"function":{"name":"us-central1-api"},"message":"\u001b[90m> \u001b[39m     at IncomingMessage.<anonymous> (/Users/kynguyen/DevCenter/web/amazon-clone/functions/node_modules/stripe/lib/StripeResource.js:180:33)"}}
[info] >      at Object.onceWrapper (node:events:482:28) {"user":"    at Object.onceWrapper (node:events:482:28)","metadata":{"emulator":{"name":"functions"},"function":{"name":"us-central1-api"},"message":"\u001b[90m> \u001b[39m     at Object.onceWrapper (node:events:482:28)"}}
[info] >      at IncomingMessage.emit (node:events:388:22) {"user":"    at IncomingMessage.emit (node:events:388:22)","metadata":{"emulator":{"name":"functions"},"function":{"name":"us-central1-api"},"message":"\u001b[90m> \u001b[39m     at IncomingMessage.emit (node:events:388:22)"}}
[info] >      at endReadableNT (node:internal/streams/readable:1305:12) {"user":"    at endReadableNT (node:internal/streams/readable:1305:12)","metadata":{"emulator":{"name":"functions"},"function":{"name":"us-central1-api"},"message":"\u001b[90m> \u001b[39m     at endReadableNT (node:internal/streams/readable:1305:12)"}}
[info] >      at processTicksAndRejections (node:internal/process/task_queues:80:21) { {"user":"    at processTicksAndRejections (node:internal/process/task_queues:80:21) {","metadata":{"emulator":{"name":"functions"},"function":{"name":"us-central1-api"},"message":"\u001b[90m> \u001b[39m     at processTicksAndRejections (node:internal/process/task_queues:80:21) {"}}
[info] >    type: 'StripeInvalidRequestError', {"user":"  type: 'StripeInvalidRequestError',","metadata":{"emulator":{"name":"functions"},"function":{"name":"us-central1-api"},"message":"\u001b[90m> \u001b[39m   type: 'StripeInvalidRequestError',"}}
[info] >    raw: { {"user":"  raw: {","metadata":{"emulator":{"name":"functions"},"function":{"name":"us-central1-api"},"message":"\u001b[90m> \u001b[39m   raw: {"}}
[info] >      code: 'parameter_invalid_integer', {"user":"    code: 'parameter_invalid_integer',","metadata":{"emulator":{"name":"functions"},"function":{"name":"us-central1-api"},"message":"\u001b[90m> \u001b[39m     code: 'parameter_invalid_integer',"}}
[info] >      doc_url: 'https://stripe.com/docs/error-codes/parameter-invalid-integer', {"user":"    doc_url: 'https://stripe.com/docs/error-codes/parameter-invalid-integer',","metadata":{"emulator":{"name":"functions"},"function":{"name":"us-central1-api"},"message":"\u001b[90m> \u001b[39m     doc_url: 'https://stripe.com/docs/error-codes/parameter-invalid-integer',"}}
[info] >      message: 'This value must be greater than or equal to 1.', {"user":"    message: 'This value must be greater than or equal to 1.',","metadata":{"emulator":{"name":"functions"},"function":{"name":"us-central1-api"},"message":"\u001b[90m> \u001b[39m     message: 'This value must be greater than or equal to 1.',"}}
[info] >      param: 'amount', {"user":"    param: 'amount',","metadata":{"emulator":{"name":"functions"},"function":{"name":"us-central1-api"},"message":"\u001b[90m> \u001b[39m     param: 'amount',"}}
[info] >      type: 'invalid_request_error', {"user":"    type: 'invalid_request_error',","metadata":{"emulator":{"name":"functions"},"function":{"name":"us-central1-api"},"message":"\u001b[90m> \u001b[39m     type: 'invalid_request_error',"}}
[info] >      headers: { {"user":"    headers: {","metadata":{"emulator":{"name":"functions"},"function":{"name":"us-central1-api"},"message":"\u001b[90m> \u001b[39m     headers: {"}}
[info] >        server: 'nginx', {"user":"      server: 'nginx',","metadata":{"emulator":{"name":"functions"},"function":{"name":"us-central1-api"},"message":"\u001b[90m> \u001b[39m       server: 'nginx',"}}
[info] >        date: 'Sat, 26 Jun 2021 23:44:12 GMT', {"user":"      date: 'Sat, 26 Jun 2021 23:44:12 GMT',","metadata":{"emulator":{"name":"functions"},"function":{"name":"us-central1-api"},"message":"\u001b[90m> \u001b[39m       date: 'Sat, 26 Jun 2021 23:44:12 GMT',"}}
[info] >        'content-type': 'application/json', {"user":"      'content-type': 'application/json',","metadata":{"emulator":{"name":"functions"},"function":{"name":"us-central1-api"},"message":"\u001b[90m> \u001b[39m       'content-type': 'application/json',"}}
[info] >        'content-length': '266', {"user":"      'content-length': '266',","metadata":{"emulator":{"name":"functions"},"function":{"name":"us-central1-api"},"message":"\u001b[90m> \u001b[39m       'content-length': '266',"}}
[info] >        connection: 'keep-alive', {"user":"      connection: 'keep-alive',","metadata":{"emulator":{"name":"functions"},"function":{"name":"us-central1-api"},"message":"\u001b[90m> \u001b[39m       connection: 'keep-alive',"}}
[info] >        'access-control-allow-credentials': 'true', {"user":"      'access-control-allow-credentials': 'true',","metadata":{"emulator":{"name":"functions"},"function":{"name":"us-central1-api"},"message":"\u001b[90m> \u001b[39m       'access-control-allow-credentials': 'true',"}}
[info] >        'access-control-allow-methods': 'GET, POST, HEAD, OPTIONS, DELETE', {"user":"      'access-control-allow-methods': 'GET, POST, HEAD, OPTIONS, DELETE',","metadata":{"emulator":{"name":"functions"},"function":{"name":"us-central1-api"},"message":"\u001b[90m> \u001b[39m       'access-control-allow-methods': 'GET, POST, HEAD, OPTIONS, DELETE',"}}
[info] >        'access-control-allow-origin': '*', {"user":"      'access-control-allow-origin': '*',","metadata":{"emulator":{"name":"functions"},"function":{"name":"us-central1-api"},"message":"\u001b[90m> \u001b[39m       'access-control-allow-origin': '*',"}}
[info] >        'access-control-expose-headers': 'Request-Id, Stripe-Manage-Version, X-Stripe-External-Auth-Required, X-Stripe-Privileged-Session-Required', {"user":"      'access-control-expose-headers': 'Request-Id, Stripe-Manage-Version, X-Stripe-External-Auth-Required, X-Stripe-Privileged-Session-Required',","metadata":{"emulator":{"name":"functions"},"function":{"name":"us-central1-api"},"message":"\u001b[90m> \u001b[39m       'access-control-expose-headers': 'Request-Id, Stripe-Manage-Version, X-Stripe-External-Auth-Required, X-Stripe-Privileged-Session-Required',"}}
[info] >        'access-control-max-age': '300', {"user":"      'access-control-max-age': '300',","metadata":{"emulator":{"name":"functions"},"function":{"name":"us-central1-api"},"message":"\u001b[90m> \u001b[39m       'access-control-max-age': '300',"}}
[info] >        'cache-control': 'no-cache, no-store', {"user":"      'cache-control': 'no-cache, no-store',","metadata":{"emulator":{"name":"functions"},"function":{"name":"us-central1-api"},"message":"\u001b[90m> \u001b[39m       'cache-control': 'no-cache, no-store',"}}
[info] >        'request-id': 'req_TAr5X4LrKNYoxj', {"user":"      'request-id': 'req_TAr5X4LrKNYoxj',","metadata":{"emulator":{"name":"functions"},"function":{"name":"us-central1-api"},"message":"\u001b[90m> \u001b[39m       'request-id': 'req_TAr5X4LrKNYoxj',"}}
[info] >        'stripe-version': '2019-12-03', {"user":"      'stripe-version': '2019-12-03',","metadata":{"emulator":{"name":"functions"},"function":{"name":"us-central1-api"},"message":"\u001b[90m> \u001b[39m       'stripe-version': '2019-12-03',"}}
[info] >        'x-stripe-c-cost': '0', {"user":"      'x-stripe-c-cost': '0',","metadata":{"emulator":{"name":"functions"},"function":{"name":"us-central1-api"},"message":"\u001b[90m> \u001b[39m       'x-stripe-c-cost': '0',"}}
[info] >        'strict-transport-security': 'max-age=31556926; includeSubDomains; preload' {"user":"      'strict-transport-security': 'max-age=31556926; includeSubDomains; preload'","metadata":{"emulator":{"name":"functions"},"function":{"name":"us-central1-api"},"message":"\u001b[90m> \u001b[39m       'strict-transport-security': 'max-age=31556926; includeSubDomains; preload'"}}
[info] >      }, {"user":"    },","metadata":{"emulator":{"name":"functions"},"function":{"name":"us-central1-api"},"message":"\u001b[90m> \u001b[39m     },"}}
[info] >      statusCode: 400, {"user":"    statusCode: 400,","metadata":{"emulator":{"name":"functions"},"function":{"name":"us-central1-api"},"message":"\u001b[90m> \u001b[39m     statusCode: 400,"}}
[info] >      requestId: 'req_TAr5X4LrKNYoxj' {"user":"    requestId: 'req_TAr5X4LrKNYoxj'","metadata":{"emulator":{"name":"functions"},"function":{"name":"us-central1-api"},"message":"\u001b[90m> \u001b[39m     requestId: 'req_TAr5X4LrKNYoxj'"}}
[info] >    }, {"user":"  },","metadata":{"emulator":{"name":"functions"},"function":{"name":"us-central1-api"},"message":"\u001b[90m> \u001b[39m   },"}}
[info] >    rawType: 'invalid_request_error', {"user":"  rawType: 'invalid_request_error',","metadata":{"emulator":{"name":"functions"},"function":{"name":"us-central1-api"},"message":"\u001b[90m> \u001b[39m   rawType: 'invalid_request_error',"}}
[info] >    code: 'parameter_invalid_integer', {"user":"  code: 'parameter_invalid_integer',","metadata":{"emulator":{"name":"functions"},"function":{"name":"us-central1-api"},"message":"\u001b[90m> \u001b[39m   code: 'parameter_invalid_integer',"}}
[info] >    doc_url: 'https://stripe.com/docs/error-codes/parameter-invalid-integer', {"user":"  doc_url: 'https://stripe.com/docs/error-codes/parameter-invalid-integer',","metadata":{"emulator":{"name":"functions"},"function":{"name":"us-central1-api"},"message":"\u001b[90m> \u001b[39m   doc_url: 'https://stripe.com/docs/error-codes/parameter-invalid-integer',"}}
[info] >    param: 'amount', {"user":"  param: 'amount',","metadata":{"emulator":{"name":"functions"},"function":{"name":"us-central1-api"},"message":"\u001b[90m> \u001b[39m   param: 'amount',"}}
[info] >    detail: undefined, {"user":"  detail: undefined,","metadata":{"emulator":{"name":"functions"},"function":{"name":"us-central1-api"},"message":"\u001b[90m> \u001b[39m   detail: undefined,"}}
[info] >    headers: { {"user":"  headers: {","metadata":{"emulator":{"name":"functions"},"function":{"name":"us-central1-api"},"message":"\u001b[90m> \u001b[39m   headers: {"}}
[info] >      server: 'nginx', {"user":"    server: 'nginx',","metadata":{"emulator":{"name":"functions"},"function":{"name":"us-central1-api"},"message":"\u001b[90m> \u001b[39m     server: 'nginx',"}}
[info] >      date: 'Sat, 26 Jun 2021 23:44:12 GMT', {"user":"    date: 'Sat, 26 Jun 2021 23:44:12 GMT',","metadata":{"emulator":{"name":"functions"},"function":{"name":"us-central1-api"},"message":"\u001b[90m> \u001b[39m     date: 'Sat, 26 Jun 2021 23:44:12 GMT',"}}
[info] >      'content-type': 'application/json', {"user":"    'content-type': 'application/json',","metadata":{"emulator":{"name":"functions"},"function":{"name":"us-central1-api"},"message":"\u001b[90m> \u001b[39m     'content-type': 'application/json',"}}
[info] >      'content-length': '266', {"user":"    'content-length': '266',","metadata":{"emulator":{"name":"functions"},"function":{"name":"us-central1-api"},"message":"\u001b[90m> \u001b[39m     'content-length': '266',"}}
[info] >      connection: 'keep-alive', {"user":"    connection: 'keep-alive',","metadata":{"emulator":{"name":"functions"},"function":{"name":"us-central1-api"},"message":"\u001b[90m> \u001b[39m     connection: 'keep-alive',"}}
[info] >      'access-control-allow-credentials': 'true', {"user":"    'access-control-allow-credentials': 'true',","metadata":{"emulator":{"name":"functions"},"function":{"name":"us-central1-api"},"message":"\u001b[90m> \u001b[39m     'access-control-allow-credentials': 'true',"}}
[info] >      'access-control-allow-methods': 'GET, POST, HEAD, OPTIONS, DELETE', {"user":"    'access-control-allow-methods': 'GET, POST, HEAD, OPTIONS, DELETE',","metadata":{"emulator":{"name":"functions"},"function":{"name":"us-central1-api"},"message":"\u001b[90m> \u001b[39m     'access-control-allow-methods': 'GET, POST, HEAD, OPTIONS, DELETE',"}}
[info] >      'access-control-allow-origin': '*', {"user":"    'access-control-allow-origin': '*',","metadata":{"emulator":{"name":"functions"},"function":{"name":"us-central1-api"},"message":"\u001b[90m> \u001b[39m     'access-control-allow-origin': '*',"}}
[info] >      'access-control-expose-headers': 'Request-Id, Stripe-Manage-Version, X-Stripe-External-Auth-Required, X-Stripe-Privileged-Session-Required', {"user":"    'access-control-expose-headers': 'Request-Id, Stripe-Manage-Version, X-Stripe-External-Auth-Required, X-Stripe-Privileged-Session-Required',","metadata":{"emulator":{"name":"functions"},"function":{"name":"us-central1-api"},"message":"\u001b[90m> \u001b[39m     'access-control-expose-headers': 'Request-Id, Stripe-Manage-Version, X-Stripe-External-Auth-Required, X-Stripe-Privileged-Session-Required',"}}
[info] >      'access-control-max-age': '300', {"user":"    'access-control-max-age': '300',","metadata":{"emulator":{"name":"functions"},"function":{"name":"us-central1-api"},"message":"\u001b[90m> \u001b[39m     'access-control-max-age': '300',"}}
[info] >      'cache-control': 'no-cache, no-store', {"user":"    'cache-control': 'no-cache, no-store',","metadata":{"emulator":{"name":"functions"},"function":{"name":"us-central1-api"},"message":"\u001b[90m> \u001b[39m     'cache-control': 'no-cache, no-store',"}}
[info] >      'request-id': 'req_TAr5X4LrKNYoxj', {"user":"    'request-id': 'req_TAr5X4LrKNYoxj',","metadata":{"emulator":{"name":"functions"},"function":{"name":"us-central1-api"},"message":"\u001b[90m> \u001b[39m     'request-id': 'req_TAr5X4LrKNYoxj',"}}
[info] >      'stripe-version': '2019-12-03', {"user":"    'stripe-version': '2019-12-03',","metadata":{"emulator":{"name":"functions"},"function":{"name":"us-central1-api"},"message":"\u001b[90m> \u001b[39m     'stripe-version': '2019-12-03',"}}
[info] >      'x-stripe-c-cost': '0', {"user":"    'x-stripe-c-cost': '0',","metadata":{"emulator":{"name":"functions"},"function":{"name":"us-central1-api"},"message":"\u001b[90m> \u001b[39m     'x-stripe-c-cost': '0',"}}
[info] >      'strict-transport-security': 'max-age=31556926; includeSubDomains; preload' {"user":"    'strict-transport-security': 'max-age=31556926; includeSubDomains; preload'","metadata":{"emulator":{"name":"functions"},"function":{"name":"us-central1-api"},"message":"\u001b[90m> \u001b[39m     'strict-transport-security': 'max-age=31556926; includeSubDomains; preload'"}}
[info] >    }, {"user":"  },","metadata":{"emulator":{"name":"functions"},"function":{"name":"us-central1-api"},"message":"\u001b[90m> \u001b[39m   },"}}
[info] >    requestId: 'req_TAr5X4LrKNYoxj', {"user":"  requestId: 'req_TAr5X4LrKNYoxj',","metadata":{"emulator":{"name":"functions"},"function":{"name":"us-central1-api"},"message":"\u001b[90m> \u001b[39m   requestId: 'req_TAr5X4LrKNYoxj',"}}
[info] >    statusCode: 400, {"user":"  statusCode: 400,","metadata":{"emulator":{"name":"functions"},"function":{"name":"us-central1-api"},"message":"\u001b[90m> \u001b[39m   statusCode: 400,"}}
[info] >    charge: undefined, {"user":"  charge: undefined,","metadata":{"emulator":{"name":"functions"},"function":{"name":"us-central1-api"},"message":"\u001b[90m> \u001b[39m   charge: undefined,"}}
[info] >    decline_code: undefined, {"user":"  decline_code: undefined,","metadata":{"emulator":{"name":"functions"},"function":{"name":"us-central1-api"},"message":"\u001b[90m> \u001b[39m   decline_code: undefined,"}}
[info] >    payment_intent: undefined, {"user":"  payment_intent: undefined,","metadata":{"emulator":{"name":"functions"},"function":{"name":"us-central1-api"},"message":"\u001b[90m> \u001b[39m   payment_intent: undefined,"}}
[info] >    payment_method: undefined, {"user":"  payment_method: undefined,","metadata":{"emulator":{"name":"functions"},"function":{"name":"us-central1-api"},"message":"\u001b[90m> \u001b[39m   payment_method: undefined,"}}
[info] >    payment_method_type: undefined, {"user":"  payment_method_type: undefined,","metadata":{"emulator":{"name":"functions"},"function":{"name":"us-central1-api"},"message":"\u001b[90m> \u001b[39m   payment_method_type: undefined,"}}
[info] >    setup_intent: undefined, {"user":"  setup_intent: undefined,","metadata":{"emulator":{"name":"functions"},"function":{"name":"us-central1-api"},"message":"\u001b[90m> \u001b[39m   setup_intent: undefined,"}}
[info] >    source: undefined {"user":"  source: undefined","metadata":{"emulator":{"name":"functions"},"function":{"name":"us-central1-api"},"message":"\u001b[90m> \u001b[39m   source: undefined"}}
[info] >  } {"user":"}","metadata":{"emulator":{"name":"functions"},"function":{"name":"us-central1-api"},"message":"\u001b[90m> \u001b[39m }"}}
[debug] [2021-06-26T23:44:12.859Z] [worker-us-central1-api-e13770f9-5197-429e-b5fd-0721a9e1bb4a]: exited {"metadata":{"emulator":{"name":"functions"},"message":"[worker-us-central1-api-e13770f9-5197-429e-b5fd-0721a9e1bb4a]: exited"}}
[debug] [2021-06-26T23:44:12.860Z] [worker-us-central1-api-e13770f9-5197-429e-b5fd-0721a9e1bb4a]: FINISHED {"metadata":{"emulator":{"name":"functions"},"message":"[worker-us-central1-api-e13770f9-5197-429e-b5fd-0721a9e1bb4a]: FINISHED"}}
[debug] [2021-06-26T23:44:12.861Z] [work-queue] {"queueLength":0,"workRunningCount":0}
